error: uncaughtException: Cannot convert undefined or null to object
TypeError: Cannot convert undefined or null to object
    at Function.keys (<anonymous>)
    at module.exports (/Users/inmediatum/repos/exam/full-stack-recruitment-test/back/node_modules/dotenv-parse-variables/lib/index.js:24:28)
    at Object.<anonymous> (/Users/inmediatum/repos/exam/full-stack-recruitment-test/back/build/config/settings.js:12:44)
    at Module._compile (node:internal/modules/cjs/loader:1105:14)
    at Object.Module._extensions..js (node:internal/modules/cjs/loader:1159:10)
    at Module.load (node:internal/modules/cjs/loader:981:32)
    at Function.Module._load (node:internal/modules/cjs/loader:822:12)
    at Module.require (node:internal/modules/cjs/loader:1005:19)
    at require (node:internal/modules/cjs/helpers:102:18)
    at Object.<anonymous> (/Users/inmediatum/repos/exam/full-stack-recruitment-test/back/build/index.js:17:20) {"date":"Tue Jun 21 2022 16:48:20 GMT-0500 (Central Daylight Time)","error":{},"exception":true,"os":{"loadavg":[23.0693359375,14.6572265625,11.4462890625],"uptime":30321},"process":{"argv":["/usr/local/bin/node","/Users/inmediatum/repos/exam/full-stack-recruitment-test/back/build/index"],"cwd":"/Users/inmediatum/repos/exam/full-stack-recruitment-test/back","execPath":"/usr/local/bin/node","gid":20,"memoryUsage":{"arrayBuffers":268399,"external":1978773,"heapTotal":17489920,"heapUsed":11870136,"rss":39378944},"pid":98410,"uid":502,"version":"v16.15.0"},"stack":"TypeError: Cannot convert undefined or null to object\n    at Function.keys (<anonymous>)\n    at module.exports (/Users/inmediatum/repos/exam/full-stack-recruitment-test/back/node_modules/dotenv-parse-variables/lib/index.js:24:28)\n    at Object.<anonymous> (/Users/inmediatum/repos/exam/full-stack-recruitment-test/back/build/config/settings.js:12:44)\n    at Module._compile (node:internal/modules/cjs/loader:1105:14)\n    at Object.Module._extensions..js (node:internal/modules/cjs/loader:1159:10)\n    at Module.load (node:internal/modules/cjs/loader:981:32)\n    at Function.Module._load (node:internal/modules/cjs/loader:822:12)\n    at Module.require (node:internal/modules/cjs/loader:1005:19)\n    at require (node:internal/modules/cjs/helpers:102:18)\n    at Object.<anonymous> (/Users/inmediatum/repos/exam/full-stack-recruitment-test/back/build/index.js:17:20)","timestamp":"2022-06-21T21:48:20.456Z","trace":[{"column":null,"file":null,"function":"Function.keys","line":null,"method":"keys","native":false},{"column":28,"file":"/Users/inmediatum/repos/exam/full-stack-recruitment-test/back/node_modules/dotenv-parse-variables/lib/index.js","function":"module.exports","line":24,"method":"exports","native":false},{"column":44,"file":"/Users/inmediatum/repos/exam/full-stack-recruitment-test/back/build/config/settings.js","function":null,"line":12,"method":null,"native":false},{"column":14,"file":"node:internal/modules/cjs/loader","function":"Module._compile","line":1105,"method":"_compile","native":false},{"column":10,"file":"node:internal/modules/cjs/loader","function":"Module._extensions..js","line":1159,"method":".js","native":false},{"column":32,"file":"node:internal/modules/cjs/loader","function":"Module.load","line":981,"method":"load","native":false},{"column":12,"file":"node:internal/modules/cjs/loader","function":"Module._load","line":822,"method":"_load","native":false},{"column":19,"file":"node:internal/modules/cjs/loader","function":"Module.require","line":1005,"method":"require","native":false},{"column":18,"file":"node:internal/modules/cjs/helpers","function":"require","line":102,"method":null,"native":false},{"column":20,"file":"/Users/inmediatum/repos/exam/full-stack-recruitment-test/back/build/index.js","function":null,"line":17,"method":null,"native":false}]}
error: Error de servidor MongooseError: Operation `users.findOne()` buffering timed out after 10000ms {"timestamp":"2022-06-22T00:51:19.225Z"}
error: Error de servidor ValidationError: password: Path `password` is required., email: Path `email` is required. {"timestamp":"2022-06-22T01:03:45.474Z"}
error: Error de servidor ValidationError: password: Path `password` is required., email: Path `email` is required. {"timestamp":"2022-06-22T01:06:06.472Z"}
error: Error 400: Email already exists {"timestamp":"2022-06-22T01:17:45.822Z"}
error: Error de servidor Error: data and hash arguments required {"timestamp":"2022-06-22T01:19:27.318Z"}
error: Error 400: Bad credentials {"timestamp":"2022-06-22T01:20:30.307Z"}
error: Error de servidor CastError: Cast to ObjectId failed for value "100.2067086,16" (type string) at path "_id" for model "User" {"timestamp":"2022-06-22T01:33:04.593Z"}
error: Error de servidor ReferenceError: ObjectId is not defined {"timestamp":"2022-06-22T01:34:47.756Z"}
error: Error de servidor Error: Unknown authentication strategy "token" {"timestamp":"2022-06-22T01:52:43.125Z"}
error: Error de servidor Error: Unknown authentication strategy "token" {"timestamp":"2022-06-22T01:52:51.457Z"}
error: Error de servidor ObjectParameterError: Parameter "filter" to findOne() must be an object, got 62b26df2626dcc5a6e947544 {"timestamp":"2022-06-22T02:00:16.132Z"}
error: Error 400: Name already exists {"timestamp":"2022-06-22T14:31:37.290Z"}
error: Error 400: Name already exists {"timestamp":"2022-06-22T14:31:42.687Z"}
error: Error de servidor ValidationError: infected: Path `infected` is required. {"timestamp":"2022-06-22T14:32:30.809Z"}
error: Error de servidor ValidationError: infected: Path `infected` is required. {"timestamp":"2022-06-22T14:32:37.404Z"}
error: Error de servidor ValidationError: infected: Path `infected` is required. {"timestamp":"2022-06-22T14:32:37.597Z"}
error: Error de servidor ValidationError: infected: Path `infected` is required. {"timestamp":"2022-06-22T14:32:37.795Z"}
error: Error de servidor MongoServerError: E11000 duplicate key error collection: test.users index: email_1 dup key: { email: null } {"timestamp":"2022-06-22T14:33:19.935Z"}
error: Error de servidor MongoServerError: E11000 duplicate key error collection: test.users index: email_1 dup key: { email: null } {"timestamp":"2022-06-22T14:34:56.978Z"}
error: Error de servidor MongoServerError: E11000 duplicate key error collection: test.users index: email_1 dup key: { email: null } {"timestamp":"2022-06-22T14:36:50.865Z"}
error: Error de servidor MongoServerError: E11000 duplicate key error collection: test.users index: email_1 dup key: { email: null } {"timestamp":"2022-06-22T14:38:12.320Z"}
error: Error de servidor MongoServerError: E11000 duplicate key error collection: test.users index: email_1 dup key: { email: null } {"timestamp":"2022-06-22T14:38:42.284Z"}
error: Error 400: Name already exists {"timestamp":"2022-06-22T14:39:35.645Z"}
error: Error 400: Bad credentials {"timestamp":"2022-06-22T14:43:21.144Z"}
error: Error de servidor CastError: Cast to ObjectId failed for value "12354" (type string) at path "_id" for model "User" {"timestamp":"2022-06-22T20:31:32.400Z"}
error: Error 400: Name already exists {"timestamp":"2022-06-22T22:00:24.878Z"}
error: Error 400: Name already exists {"timestamp":"2022-06-22T23:00:51.498Z"}
error: Error de servidor TypeError: Cannot read properties of undefined (reading '_id') {"timestamp":"2022-06-23T03:15:22.267Z"}
error: Error de servidor CastError: Cast to ObjectId failed for value "reports" (type string) at path "_id" for model "User" {"timestamp":"2022-06-23T04:23:08.444Z"}
error: Error de servidor CastError: Cast to ObjectId failed for value "reports" (type string) at path "_id" for model "User" {"timestamp":"2022-06-23T04:59:34.974Z"}
error: Error de servidor CastError: Cast to ObjectId failed for value "reports" (type string) at path "_id" for model "User" {"timestamp":"2022-06-23T05:00:17.910Z"}
error: Error de servidor CastError: Cast to ObjectId failed for value "reports" (type string) at path "_id" for model "User" {"timestamp":"2022-06-23T05:01:12.476Z"}
error: Error de servidor CastError: Cast to ObjectId failed for value "reports" (type string) at path "_id" for model "User" {"timestamp":"2022-06-23T05:01:13.697Z"}
error: Error de servidor CastError: Cast to ObjectId failed for value "reports" (type string) at path "_id" for model "User" {"timestamp":"2022-06-23T05:01:37.536Z"}
error: Error de servidor CastError: Cast to ObjectId failed for value "reports" (type string) at path "_id" for model "User" {"timestamp":"2022-06-23T05:02:21.329Z"}
error: Error de servidor CastError: Cast to ObjectId failed for value "reports" (type string) at path "_id" for model "User" {"timestamp":"2022-06-23T05:02:47.863Z"}
error: Error de servidor CastError: Cast to ObjectId failed for value "reports" (type string) at path "_id" for model "User" {"timestamp":"2022-06-23T05:04:04.128Z"}
error: Error de servidor CastError: Cast to ObjectId failed for value "reports" (type string) at path "_id" for model "User" {"timestamp":"2022-06-23T05:04:45.756Z"}
error: Error de servidor CastError: Cast to ObjectId failed for value "reports" (type string) at path "_id" for model "User" {"timestamp":"2022-06-23T05:05:19.430Z"}
error: Error de servidor CastError: Cast to ObjectId failed for value "reports" (type string) at path "_id" for model "User" {"timestamp":"2022-06-23T05:06:52.802Z"}
error: Error de servidor CastError: Cast to ObjectId failed for value "reports" (type string) at path "_id" for model "User" {"timestamp":"2022-06-23T05:08:23.114Z"}
error: Error de servidor CastError: Cast to ObjectId failed for value "reports" (type string) at path "_id" for model "User" {"timestamp":"2022-06-23T05:08:24.658Z"}
error: Error de servidor CastError: Cast to ObjectId failed for value "report" (type string) at path "_id" for model "User" {"timestamp":"2022-06-23T05:08:48.623Z"}
error: Error de servidor CastError: Cast to ObjectId failed for value "report" (type string) at path "_id" for model "User" {"timestamp":"2022-06-23T05:08:49.717Z"}
error: Error de servidor CastError: Cast to ObjectId failed for value "report" (type string) at path "_id" for model "User" {"timestamp":"2022-06-23T05:11:07.925Z"}
error: Error de servidor CastError: Cast to ObjectId failed for value "report" (type string) at path "_id" for model "User" {"timestamp":"2022-06-23T05:11:17.011Z"}
error: Error de servidor CastError: Cast to ObjectId failed for value "report" (type string) at path "_id" for model "User" {"timestamp":"2022-06-23T05:11:50.137Z"}
error: Error de servidor CastError: Cast to ObjectId failed for value "report" (type string) at path "_id" for model "User" {"timestamp":"2022-06-23T05:12:29.438Z"}
error: Error de servidor CastError: Cast to ObjectId failed for value "reports" (type string) at path "_id" for model "User" {"timestamp":"2022-06-23T05:12:38.906Z"}
error: Error de servidor CastError: Cast to ObjectId failed for value "reports" (type string) at path "_id" for model "User" {"timestamp":"2022-06-23T05:13:43.317Z"}
error: Error de servidor CastError: Cast to ObjectId failed for value "reports" (type string) at path "_id" for model "User" {"timestamp":"2022-06-23T05:13:45.890Z"}
error: Error de servidor Error: Aggregate has empty pipeline {"timestamp":"2022-06-23T05:24:33.662Z"}
error: Error 400: Name already exists {"timestamp":"2022-06-23T06:05:56.956Z"}
error: Error 400: Name already exists {"timestamp":"2022-06-23T06:06:02.272Z"}
